npm verb cli C:\Program Files\nodejs\node.exe C:\Program Files\nodejs\node_modules\npm\bin\npm-cli.js
npm info using npm@9.5.1
npm info using node@v18.16.0
npm verb title npm install
npm verb argv "install" "--legacy-peer-deps" "--loglevel" "verbose"
npm verb logfile logs-max:10 dir:C:\Users\alexa\AppData\Local\npm-cache\_logs\2024-08-12T03_23_22_270Z-
npm verb logfile C:\Users\alexa\AppData\Local\npm-cache\_logs\2024-08-12T03_23_22_270Z-debug-0.log
npm http fetch GET 200 https://registry.npmjs.org/@faker-js%2ffaker 540ms (cache revalidated)
npm http fetch GET 200 https://registry.npmjs.org/cypress-mochawesome-reporter 107ms (cache revalidated)
npm http fetch GET 200 https://registry.npmjs.org/browserstack-cypress-cli 691ms (cache revalidated)
npm http fetch GET 200 https://registry.npmjs.org/cypress 99ms (cache revalidated)
npm http fetch GET 200 https://registry.npmjs.org/async 244ms (cache revalidated)
npm http fetch GET 200 https://registry.npmjs.org/glob 313ms (cache revalidated)
npm http fetch GET 200 https://registry.npmjs.org/tmp 337ms (cache revalidated)
npm http fetch GET 200 https://registry.npmjs.org/requestretry 344ms (cache revalidated)
npm http fetch GET 200 https://registry.npmjs.org/cli-progress 353ms (cache revalidated)
npm http fetch GET 200 https://registry.npmjs.org/mocha 350ms (cache revalidated)
npm http fetch GET 200 https://registry.npmjs.org/mkdirp 357ms (cache revalidated)
npm http fetch GET 200 https://registry.npmjs.org/chalk 365ms (cache revalidated)
npm http fetch GET 200 https://registry.npmjs.org/request 360ms (cache revalidated)
npm http fetch GET 200 https://registry.npmjs.org/fs-extra 370ms (cache revalidated)
npm http fetch GET 200 https://registry.npmjs.org/update-notifier 387ms (cache revalidated)
npm http fetch GET 200 https://registry.npmjs.org/chalk 404ms (cache revalidated)
npm http fetch GET 200 https://registry.npmjs.org/uuid 412ms (cache revalidated)
npm http fetch GET 200 https://registry.npmjs.org/decompress 413ms (cache revalidated)
npm http fetch GET 200 https://registry.npmjs.org/table 420ms (cache revalidated)
npm http fetch GET 200 https://registry.npmjs.org/debug 416ms (cache revalidated)
npm http fetch GET 200 https://registry.npmjs.org/arch 424ms (cache revalidated)
npm http fetch GET 200 https://registry.npmjs.org/dayjs 456ms (cache revalidated)
npm http fetch GET 200 https://registry.npmjs.org/fs-extra 455ms (cache revalidated)
npm http fetch GET 200 https://registry.npmjs.org/buffer 468ms (cache revalidated)
npm http fetch GET 200 https://registry.npmjs.org/execa 481ms (cache revalidated)
npm http fetch GET 200 https://registry.npmjs.org/yargs 487ms (cache revalidated)
npm http fetch GET 200 https://registry.npmjs.org/semver 493ms (cache revalidated)
npm http fetch GET 200 https://registry.npmjs.org/is-ci 499ms (cache revalidated)
npm http fetch GET 200 https://registry.npmjs.org/process 524ms (cache revalidated)
npm http fetch GET 200 https://registry.npmjs.org/yauzl 537ms (cache revalidated)
npm http fetch GET 200 https://registry.npmjs.org/lodash 548ms (cache revalidated)
npm http fetch GET 200 https://registry.npmjs.org/ospath 568ms (cache revalidated)
npm http fetch GET 200 https://registry.npmjs.org/enquirer 561ms (cache revalidated)
npm http fetch GET 200 https://registry.npmjs.org/getos 590ms (cache revalidated)
npm http fetch GET 200 https://registry.npmjs.org/cachedir 601ms (cache revalidated)
npm http fetch GET 200 https://registry.npmjs.org/bluebird 635ms (cache revalidated)
npm http fetch GET 200 https://registry.npmjs.org/figures 640ms (cache revalidated)
npm http fetch GET 200 https://registry.npmjs.org/untildify 643ms (cache revalidated)
npm http fetch GET 200 https://registry.npmjs.org/blob-util 645ms (cache revalidated)
npm http fetch GET 200 https://registry.npmjs.org/lazy-ass 689ms (cache revalidated)
npm http fetch GET 200 https://registry.npmjs.org/minimist 721ms (cache revalidated)
npm http fetch GET 200 https://registry.npmjs.org/log-symbols 712ms (cache revalidated)
npm http fetch GET 200 https://registry.npmjs.org/cli-table3 720ms (cache revalidated)
npm http fetch GET 200 https://registry.npmjs.org/supports-color 748ms (cache revalidated)
npm http fetch GET 200 https://registry.npmjs.org/executable 793ms (cache revalidated)
npm http fetch GET 200 https://registry.npmjs.org/common-tags 833ms (cache revalidated)
npm http fetch GET 200 https://registry.npmjs.org/extract-zip 833ms (cache revalidated)
npm http fetch GET 200 https://registry.npmjs.org/commander 855ms (cache revalidated)
npm http fetch GET 200 https://registry.npmjs.org/git-last-commit 915ms (cache revalidated)
npm http fetch GET 200 https://registry.npmjs.org/commander 877ms (cache revalidated)
npm http fetch GET 200 https://registry.npmjs.org/archiver 933ms (cache revalidated)
npm http fetch GET 200 https://registry.npmjs.org/git-repo-info 928ms (cache revalidated)
npm http fetch GET 200 https://registry.npmjs.org/getmac 937ms (cache revalidated)
npm http fetch GET 200 https://registry.npmjs.org/pretty-bytes 901ms (cache revalidated)
npm http fetch GET 200 https://registry.npmjs.org/browserstack-local 950ms (cache revalidated)
npm http fetch GET 200 https://registry.npmjs.org/fs-extra 945ms (cache revalidated)
npm http fetch GET 200 https://registry.npmjs.org/check-more-types 963ms (cache revalidated)
npm http fetch GET 200 https://registry.npmjs.org/winston 1003ms (cache revalidated)
npm http fetch GET 200 https://registry.npmjs.org/proxy-from-env 974ms (cache revalidated)
npm http fetch GET 200 https://registry.npmjs.org/request-progress 973ms (cache revalidated)
npm http fetch GET 200 https://registry.npmjs.org/@types%2fsizzle 999ms (cache revalidated)
npm http fetch GET 200 https://registry.npmjs.org/gitconfiglocal 1039ms (cache revalidated)
npm http fetch GET 200 https://registry.npmjs.org/is-installed-globally 1019ms (cache revalidated)
npm http fetch GET 200 https://registry.npmjs.org/node-ipc 1093ms (cache revalidated)
npm http fetch GET 200 https://registry.npmjs.org/@types%2fsinonjs__fake-timers 1064ms (cache revalidated)
npm http fetch GET 200 https://registry.npmjs.org/listr2 1159ms (cache revalidated)
npm http fetch GET 200 https://registry.npmjs.org/@cypress%2fxvfb 1153ms (cache revalidated)
npm http fetch GET 200 https://registry.npmjs.org/windows-release 1217ms (cache revalidated)
npm http fetch GET 200 https://registry.npmjs.org/@cypress%2frequest 1234ms (cache revalidated)
npm http fetch GET 200 https://registry.npmjs.org/cli-cursor 1308ms (cache revalidated)
npm http fetch GET 200 https://registry.npmjs.org/eventemitter2 1531ms (cache revalidated)
npm http fetch GET 200 https://registry.npmjs.org/mochawesome 1536ms (cache revalidated)
npm http fetch GET 200 https://registry.npmjs.org/mochawesome-merge 1609ms (cache revalidated)
npm http fetch GET 200 https://registry.npmjs.org/mochawesome-report-generator 1610ms (cache revalidated)
npm http fetch GET 200 https://registry.npmjs.org/archiver-utils 290ms (cache revalidated)
npm http fetch GET 200 https://registry.npmjs.org/buffer-crc32 291ms (cache revalidated)
npm http fetch GET 200 https://registry.npmjs.org/string-width 281ms (cache revalidated)
npm http fetch GET 200 https://registry.npmjs.org/graceful-fs 285ms (cache revalidated)
npm http fetch GET 200 https://registry.npmjs.org/readdir-glob 300ms (cache revalidated)
npm http fetch GET 200 https://registry.npmjs.org/zip-stream 295ms (cache revalidated)
npm http fetch GET 200 https://registry.npmjs.org/tar-stream 301ms (cache revalidated)
npm http fetch GET 200 https://registry.npmjs.org/decompress-unzip 290ms (cache revalidated)
npm http fetch GET 200 https://registry.npmjs.org/decompress-tarbz2 295ms (cache revalidated)
npm http fetch GET 200 https://registry.npmjs.org/readable-stream 309ms (cache revalidated)
npm http fetch GET 200 https://registry.npmjs.org/https-proxy-agent 305ms (cache revalidated)
npm http fetch GET 200 https://registry.npmjs.org/ansi-styles 340ms (cache revalidated)
npm http fetch GET 200 https://registry.npmjs.org/@types%2fnode 337ms (cache revalidated)
npm http fetch GET 200 https://registry.npmjs.org/strip-dirs 378ms (cache revalidated)
npm http fetch GET 200 https://registry.npmjs.org/fs.realpath 381ms (cache revalidated)
npm http fetch GET 200 https://registry.npmjs.org/jsonfile 388ms (cache revalidated)
npm http fetch GET 200 https://registry.npmjs.org/ini 387ms (cache revalidated)
npm http fetch GET 200 https://registry.npmjs.org/decompress-targz 393ms (cache revalidated)
npm http fetch GET 200 https://registry.npmjs.org/decompress-tar 395ms (cache revalidated)
npm http fetch GET 200 https://registry.npmjs.org/universalify 390ms (cache revalidated)
npm http fetch GET 200 https://registry.npmjs.org/make-dir 393ms (cache revalidated)
npm http fetch GET 200 https://registry.npmjs.org/inflight 391ms (cache revalidated)
npm http fetch GET 200 https://registry.npmjs.org/minimatch 397ms (cache revalidated)
npm http fetch GET 200 https://registry.npmjs.org/minimatch 395ms (cache revalidated)
npm http fetch GET 200 https://registry.npmjs.org/once 411ms (cache revalidated)
npm http fetch GET 200 https://registry.npmjs.org/agent-base 436ms (cache revalidated)
npm http fetch GET 200 https://registry.npmjs.org/ansi-colors 437ms (cache revalidated)
npm http fetch GET 200 https://registry.npmjs.org/diff 438ms (cache revalidated)
npm http fetch GET 200 https://registry.npmjs.org/browser-stdout 442ms (cache revalidated)
npm http fetch GET 200 https://registry.npmjs.org/escape-string-regexp 441ms (cache revalidated)
npm http fetch GET 200 https://registry.npmjs.org/chokidar 446ms (cache revalidated)
npm http fetch GET 200 https://registry.npmjs.org/yargs-parser 445ms (cache revalidated)
npm http fetch GET 200 https://registry.npmjs.org/pify 461ms (cache revalidated)
npm http fetch GET 200 https://registry.npmjs.org/find-up 456ms (cache revalidated)
npm http fetch GET 200 https://registry.npmjs.org/path-is-absolute 465ms (cache revalidated)
npm http fetch GET 200 https://registry.npmjs.org/serialize-javascript 469ms (cache revalidated)
npm http fetch GET 200 https://registry.npmjs.org/js-yaml 496ms (cache revalidated)
npm http fetch GET 200 https://registry.npmjs.org/he 501ms (cache revalidated)
npm http fetch GET 200 https://registry.npmjs.org/ms 506ms (cache revalidated)
npm http fetch GET 200 https://registry.npmjs.org/yargs-unparser 515ms (cache revalidated)
npm http fetch GET 200 https://registry.npmjs.org/aws-sign2 513ms (cache revalidated)
npm http fetch GET 200 https://registry.npmjs.org/form-data 511ms (cache revalidated)
npm http fetch GET 200 https://registry.npmjs.org/event-pubsub 524ms (cache revalidated)
npm http fetch GET 200 https://registry.npmjs.org/combined-stream 537ms (cache revalidated)
npm http fetch GET 200 https://registry.npmjs.org/http-signature 541ms (cache revalidated)
npm http fetch GET 200 https://registry.npmjs.org/strip-json-comments 576ms (cache revalidated)
npm http fetch GET 200 https://registry.npmjs.org/forever-agent 565ms (cache revalidated)
npm http fetch GET 200 https://registry.npmjs.org/extend 579ms (cache revalidated)
npm http fetch GET 200 https://registry.npmjs.org/aws4 581ms (cache revalidated)
npm http fetch GET 200 https://registry.npmjs.org/qs 579ms (cache revalidated)
npm http fetch GET 200 https://registry.npmjs.org/extend 587ms (cache revalidated)
npm http fetch GET 200 https://registry.npmjs.org/safe-buffer 632ms (cache revalidated)
npm http fetch GET 200 https://registry.npmjs.org/js-message 658ms (cache revalidated)
npm http fetch GET 200 https://registry.npmjs.org/isstream 650ms (cache revalidated)
npm http fetch GET 200 https://registry.npmjs.org/is-typedarray 653ms (cache revalidated)
npm http fetch GET 200 https://registry.npmjs.org/tough-cookie 654ms (cache revalidated)
npm http fetch GET 200 https://registry.npmjs.org/string-width 686ms (cache revalidated)
npm http fetch GET 200 https://registry.npmjs.org/pupa 717ms (cache revalidated)
npm http fetch GET 200 https://registry.npmjs.org/ajv 723ms (cache revalidated)
npm http fetch GET 200 https://registry.npmjs.org/mime-types 755ms (cache revalidated)
npm http fetch GET 200 https://registry.npmjs.org/performance-now 758ms (cache revalidated)
npm http fetch GET 200 https://registry.npmjs.org/slice-ansi 785ms (cache revalidated)
npm http fetch GET 200 https://registry.npmjs.org/xdg-basedir 817ms (cache revalidated)
npm http fetch GET 200 https://registry.npmjs.org/semver-diff 819ms (cache revalidated)
npm http fetch GET 200 https://registry.npmjs.org/configstore 847ms (cache revalidated)
npm http fetch GET 200 https://registry.npmjs.org/temp-fs 901ms (cache revalidated)
npm http fetch GET 200 https://registry.npmjs.org/find-up 858ms (cache revalidated)
npm http fetch GET 200 https://registry.npmjs.org/ps-tree 930ms (cache revalidated)
npm http fetch GET 200 https://registry.npmjs.org/isstream 893ms (cache revalidated)
npm http fetch GET 200 https://registry.npmjs.org/boxen 921ms (cache revalidated)
npm http fetch GET 200 https://registry.npmjs.org/is-running 972ms (cache revalidated)
npm http fetch GET 200 https://registry.npmjs.org/latest-version 942ms (cache revalidated)
npm http fetch GET 200 https://registry.npmjs.org/decamelize 982ms (cache revalidated)
npm http fetch GET 200 https://registry.npmjs.org/inherits 1024ms (cache revalidated)
npm http fetch GET 200 https://registry.npmjs.org/require-directory 1003ms (cache revalidated)
npm http fetch GET 200 https://registry.npmjs.org/colors 1014ms (cache revalidated)
npm http fetch GET 200 https://registry.npmjs.org/js-queue 1055ms (cache revalidated)
npm http fetch GET 200 https://registry.npmjs.org/set-blocking 1038ms (cache revalidated)
npm http fetch GET 200 https://registry.npmjs.org/cliui 1054ms (cache revalidated)
npm http fetch GET 200 https://registry.npmjs.org/stack-trace 1056ms (cache revalidated)
npm http fetch GET 200 https://registry.npmjs.org/yargs-parser 1069ms (cache revalidated)
npm http fetch GET 200 https://registry.npmjs.org/workerpool 1132ms (cache revalidated)
npm http fetch GET 200 https://registry.npmjs.org/require-main-filename 1104ms (cache revalidated)
npm http fetch GET 200 https://registry.npmjs.org/y18n 1112ms (cache revalidated)
npm http fetch GET 200 https://registry.npmjs.org/is-npm 1140ms (cache revalidated)
npm http fetch GET 200 https://registry.npmjs.org/json-stringify-safe 1161ms (cache revalidated)
npm http fetch GET 200 https://registry.npmjs.org/graceful-fs 1196ms (cache revalidated)
npm http fetch GET 200 https://registry.npmjs.org/which-module 1155ms (cache revalidated)
npm http fetch GET 200 https://registry.npmjs.org/get-caller-file 1167ms (cache revalidated)
npm http fetch GET 200 https://registry.npmjs.org/caseless 1201ms (cache revalidated)
npm http fetch GET 200 https://registry.npmjs.org/har-validator 1212ms (cache revalidated)
npm http fetch GET 200 https://registry.npmjs.org/oauth-sign 1224ms (cache revalidated)
npm http fetch GET 200 https://registry.npmjs.org/tunnel-agent 1328ms (cache revalidated)
npm http fetch GET 200 https://registry.npmjs.org/import-lazy 1365ms (cache revalidated)
npm http fetch GET 200 https://registry.npmjs.org/is-in-ci 1514ms (cache revalidated)
npm http fetch GET 200 https://registry.npmjs.org/cycle 1538ms (cache revalidated)
npm http fetch GET 200 https://registry.npmjs.org/eyes 1668ms (cache revalidated)
npm http fetch GET 200 https://registry.npmjs.org/lodash.defaults 138ms (cache revalidated)
npm http fetch GET 200 https://registry.npmjs.org/compress-commons 132ms (cache revalidated)
npm http fetch GET 200 https://registry.npmjs.org/util-deprecate 137ms (cache revalidated)
npm http fetch GET 200 https://registry.npmjs.org/lodash.difference 144ms (cache revalidated)
npm http fetch GET 200 https://registry.npmjs.org/lodash.union 150ms (cache revalidated)
npm http fetch GET 200 https://registry.npmjs.org/fs-constants 148ms (cache revalidated)
npm http fetch GET 200 https://registry.npmjs.org/end-of-stream 151ms (cache revalidated)
npm http fetch GET 200 https://registry.npmjs.org/lodash.flatten 156ms (cache revalidated)
npm http fetch GET 200 https://registry.npmjs.org/string_decoder 154ms (cache revalidated)
npm http fetch GET 200 https://registry.npmjs.org/lodash.isplainobject 157ms (cache revalidated)
npm http fetch GET 200 https://registry.npmjs.org/normalize-path 158ms (cache revalidated)
npm http fetch GET 200 https://registry.npmjs.org/lazystream 163ms (cache revalidated)
npm http fetch GET 200 https://registry.npmjs.org/bl 187ms (cache revalidated)
npm http fetch GET 200 https://registry.npmjs.org/core-util-is 97ms (cache revalidated)
npm http fetch GET 200 https://registry.npmjs.org/process-nextick-args 97ms (cache revalidated)
npm http fetch GET 200 https://registry.npmjs.org/isarray 100ms (cache revalidated)
npm http fetch GET 200 https://registry.npmjs.org/rimraf 156ms (cache revalidated)
npm http fetch GET 200 https://registry.npmjs.org/event-stream 694ms (cache revalidated)
npm http fetch GET 200 https://registry.npmjs.org/color-convert 93ms (cache revalidated)
npm http fetch GET 200 https://registry.npmjs.org/has-flag 94ms (cache revalidated)
npm http fetch GET 200 https://registry.npmjs.org/color-name 113ms (cache revalidated)
npm http fetch GET 200 https://registry.npmjs.org/strip-ansi 107ms (cache revalidated)
npm http fetch GET 200 https://registry.npmjs.org/emoji-regex 121ms (cache revalidated)
npm http fetch GET 200 https://registry.npmjs.org/is-fullwidth-code-point 122ms (cache revalidated)
npm http fetch GET 200 https://registry.npmjs.org/is-stream 158ms (cache revalidated)
npm http fetch GET 200 https://registry.npmjs.org/npm-run-path 158ms (cache revalidated)
npm http fetch GET 200 https://registry.npmjs.org/at-least-node 156ms (cache revalidated)
npm http fetch GET 200 https://registry.npmjs.org/lodash.once 167ms (cache revalidated)
npm http fetch GET 200 https://registry.npmjs.org/get-stream 162ms (cache revalidated)
npm http fetch GET 200 https://registry.npmjs.org/merge-stream 167ms (cache revalidated)
npm http fetch GET 200 https://registry.npmjs.org/get-stream 168ms (cache revalidated)
npm http fetch GET 200 https://registry.npmjs.org/base64-js 172ms (cache revalidated)
npm http fetch GET 200 https://registry.npmjs.org/cross-spawn 170ms (cache revalidated)
npm http fetch GET 200 https://registry.npmjs.org/onetime 173ms (cache revalidated)
npm http fetch GET 200 https://registry.npmjs.org/ieee754 178ms (cache revalidated)
npm http fetch GET 200 https://registry.npmjs.org/restore-cursor 180ms (cache revalidated)
npm http fetch GET 200 https://registry.npmjs.org/p-map 209ms (cache revalidated)
npm http fetch GET 200 https://registry.npmjs.org/is-path-inside 217ms (cache revalidated)
npm http fetch GET 200 https://registry.npmjs.org/strip-final-newline 222ms (cache revalidated)
npm http fetch GET 200 https://registry.npmjs.org/human-signals 229ms (cache revalidated)
npm http fetch GET 200 https://registry.npmjs.org/global-dirs 229ms (cache revalidated)
npm http fetch GET 200 https://registry.npmjs.org/rxjs 227ms (cache revalidated)
npm http fetch GET 200 https://registry.npmjs.org/wrap-ansi 236ms (cache revalidated)
npm http fetch GET 200 https://registry.npmjs.org/@types%2fyauzl 252ms (cache revalidated)
npm http fetch GET 200 https://registry.npmjs.org/rfdc 250ms (cache revalidated)
npm http fetch GET 200 https://registry.npmjs.org/through 248ms (cache revalidated)
npm http fetch GET 200 https://registry.npmjs.org/cli-truncate 250ms (cache revalidated)
npm http fetch GET 200 https://registry.npmjs.org/ci-info 264ms (cache revalidated)
npm http fetch GET 200 https://registry.npmjs.org/fd-slicer 270ms (cache revalidated)
npm http fetch GET 200 https://registry.npmjs.org/colorette 279ms (cache revalidated)
npm http fetch GET 200 https://registry.npmjs.org/is-unicode-supported 342ms (cache revalidated)
npm http fetch GET 200 https://registry.npmjs.org/@colors%2fcolors 446ms (cache revalidated)
npm http fetch GET 200 https://registry.npmjs.org/signal-exit 748ms (cache revalidated)
npm http fetch GET 200 https://registry.npmjs.org/log-update 842ms (cache revalidated)
npm http fetch GET 200 https://registry.npmjs.org/throttleit 907ms (cache revalidated)
npm http fetch GET 200 https://registry.npmjs.org/jsprim 113ms (cache revalidated)
npm http fetch GET 200 https://registry.npmjs.org/asynckit 116ms (cache revalidated)
npm http fetch GET 200 https://registry.npmjs.org/side-channel 116ms (cache revalidated)
npm http fetch GET 200 https://registry.npmjs.org/delayed-stream 121ms (cache revalidated)
npm http fetch GET 200 https://registry.npmjs.org/assert-plus 121ms (cache revalidated)
npm http fetch GET 200 https://registry.npmjs.org/psl 124ms (cache revalidated)
npm http fetch GET 200 https://registry.npmjs.org/sshpk 127ms (cache revalidated)
npm http fetch GET 200 https://registry.npmjs.org/punycode 128ms (cache revalidated)
npm http fetch GET 200 https://registry.npmjs.org/mime-db 134ms (cache revalidated)
npm http fetch GET 200 https://registry.npmjs.org/url-parse 163ms (cache revalidated)
npm http fetch GET 200 https://registry.npmjs.org/lodash.isempty 123ms (cache revalidated)
npm http fetch GET 200 https://registry.npmjs.org/escape-html 120ms (cache revalidated)
npm http fetch GET 200 https://registry.npmjs.org/prop-types 120ms (cache revalidated)
npm http fetch GET 200 https://registry.npmjs.org/tcomb 121ms (cache revalidated)
npm http fetch GET 200 https://registry.npmjs.org/fsu 132ms (cache revalidated)
npm http fetch GET 200 https://registry.npmjs.org/tcomb-validation 131ms (cache revalidated)
npm http fetch GET 200 https://registry.npmjs.org/lodash.isobject 143ms (cache revalidated)
npm http fetch GET 200 https://registry.npmjs.org/validator 134ms (cache revalidated)
npm http fetch GET 200 https://registry.npmjs.org/lodash.isfunction 146ms (cache revalidated)
npm http fetch GET 200 https://registry.npmjs.org/opener 155ms (cache revalidated)
npm http fetch GET 200 https://registry.npmjs.org/dateformat 683ms (cache revalidated)
npm http fetch GET 200 https://registry.npmjs.org/lodash.isstring 707ms (cache revalidated)
npm http fetch GET 200 https://registry.npmjs.org/is-natural-number 123ms (cache revalidated)
npm http fetch GET 200 https://registry.npmjs.org/unbzip2-stream 127ms (cache revalidated)
npm http fetch GET 200 https://registry.npmjs.org/file-type 130ms (cache revalidated)
npm http fetch GET 200 https://registry.npmjs.org/file-type 131ms (cache revalidated)
npm http fetch GET 200 https://registry.npmjs.org/file-type 131ms (cache revalidated)
npm http fetch GET 200 https://registry.npmjs.org/seek-bzip 138ms (cache revalidated)
npm http fetch GET 200 https://registry.npmjs.org/to-buffer 91ms (cache revalidated)
npm http fetch GET 200 https://registry.npmjs.org/xtend 120ms (cache revalidated)
npm http fetch GET 200 https://registry.npmjs.org/buffer-alloc 142ms (cache revalidated)
npm http fetch GET 200 https://registry.npmjs.org/pinkie-promise 97ms (cache revalidated)
npm http fetch GET 200 https://registry.npmjs.org/object-assign 177ms (cache revalidated)
npm http fetch GET 200 https://registry.npmjs.org/ansi-regex 90ms (cache revalidated)
npm http fetch GET 200 https://registry.npmjs.org/which 98ms (cache revalidated)
npm http fetch GET 200 https://registry.npmjs.org/mimic-fn 104ms (cache revalidated)
npm http fetch GET 200 https://registry.npmjs.org/pump 108ms (cache revalidated)
npm http fetch GET 200 https://registry.npmjs.org/path-key 164ms (cache revalidated)
npm http fetch GET 200 https://registry.npmjs.org/path-key 167ms (cache revalidated)
npm http fetch GET 200 https://registry.npmjs.org/shebang-command 170ms (cache revalidated)
npm http fetch GET 200 https://registry.npmjs.org/shebang-regex 82ms (cache revalidated)
npm http fetch GET 200 https://registry.npmjs.org/isexe 660ms (cache revalidated)
npm http fetch GET 200 https://registry.npmjs.org/undici-types 96ms (cache revalidated)
npm http fetch GET 200 https://registry.npmjs.org/pinkie 104ms (cache revalidated)
npm http fetch GET 200 https://registry.npmjs.org/brace-expansion 94ms (cache revalidated)
npm http fetch GET 200 https://registry.npmjs.org/wrappy 97ms (cache revalidated)
npm http fetch GET 200 https://registry.npmjs.org/verror 111ms (cache revalidated)
npm http fetch GET 200 https://registry.npmjs.org/asn1 118ms (cache revalidated)
npm http fetch GET 200 https://registry.npmjs.org/jsbn 125ms (cache revalidated)
npm http fetch GET 200 https://registry.npmjs.org/extsprintf 130ms (cache revalidated)
npm http fetch GET 200 https://registry.npmjs.org/getpass 130ms (cache revalidated)
npm http fetch GET 200 https://registry.npmjs.org/safer-buffer 131ms (cache revalidated)
npm http fetch GET 200 https://registry.npmjs.org/ecc-jsbn 129ms (cache revalidated)
npm http fetch GET 200 https://registry.npmjs.org/json-schema 136ms (cache revalidated)
npm http fetch GET 200 https://registry.npmjs.org/dashdash 134ms (cache revalidated)
npm http fetch GET 200 https://registry.npmjs.org/tweetnacl 132ms (cache revalidated)
npm http fetch GET 200 https://registry.npmjs.org/bcrypt-pbkdf 144ms (cache revalidated)
npm http fetch GET 200 https://registry.npmjs.org/tslib 104ms (cache revalidated)
npm http fetch GET 200 https://registry.npmjs.org/ansi-escapes 106ms (cache revalidated)
npm http fetch GET 200 https://registry.npmjs.org/aggregate-error 107ms (cache revalidated)
npm http fetch GET 200 https://registry.npmjs.org/astral-regex 88ms (cache revalidated)
npm http fetch GET 200 https://registry.npmjs.org/type-fest 95ms (cache revalidated)
npm http fetch GET 200 https://registry.npmjs.org/concat-map 132ms (cache revalidated)
npm http fetch GET 200 https://registry.npmjs.org/balanced-match 250ms (cache revalidated)
npm http fetch GET 200 https://registry.npmjs.org/is-binary-path 114ms (cache revalidated)
npm http fetch GET 200 https://registry.npmjs.org/argparse 124ms (cache revalidated)
npm http fetch GET 200 https://registry.npmjs.org/flat 125ms (cache revalidated)
npm http fetch GET 200 https://registry.npmjs.org/camelcase 128ms (cache revalidated)
npm http fetch GET 200 https://registry.npmjs.org/glob-parent 134ms (cache revalidated)
npm http fetch GET 200 https://registry.npmjs.org/braces 151ms (cache revalidated)
npm http fetch GET 200 https://registry.npmjs.org/is-glob 151ms (cache revalidated)
npm http fetch GET 200 https://registry.npmjs.org/readdirp 151ms (cache revalidated)
npm http fetch GET 200 https://registry.npmjs.org/path-exists 153ms (cache revalidated)
npm http fetch GET 200 https://registry.npmjs.org/is-plain-obj 151ms (cache revalidated)
npm http fetch GET 200 https://registry.npmjs.org/locate-path 156ms (cache revalidated)
npm http fetch GET 200 https://registry.npmjs.org/escalade 155ms (cache revalidated)
npm http fetch GET 200 https://registry.npmjs.org/anymatch 162ms (cache revalidated)
npm http fetch GET 200 https://registry.npmjs.org/randombytes 158ms (cache revalidated)
npm http fetch GET 200 https://registry.npmjs.org/fsevents 161ms (cache revalidated)
npm http fetch GET 200 https://registry.npmjs.org/picomatch 91ms (cache revalidated)
npm http fetch GET 200 https://registry.npmjs.org/picomatch 90ms (cache revalidated)
npm http fetch GET 200 https://registry.npmjs.org/binary-extensions 97ms (cache revalidated)
npm http fetch GET 200 https://registry.npmjs.org/fill-range 102ms (cache revalidated)
npm http fetch GET 200 https://registry.npmjs.org/is-extglob 143ms (cache revalidated)
npm http fetch GET 200 https://registry.npmjs.org/to-regex-range 126ms (cache revalidated)
npm http fetch GET 200 https://registry.npmjs.org/is-number 89ms (cache revalidated)
npm http fetch GET 200 https://registry.npmjs.org/p-locate 87ms (cache revalidated)
npm http fetch GET 200 https://registry.npmjs.org/p-limit 84ms (cache revalidated)
npm http fetch GET 200 https://registry.npmjs.org/loose-envify 86ms (cache revalidated)
npm http fetch GET 200 https://registry.npmjs.org/react-is 93ms (cache revalidated)
npm http fetch GET 200 https://registry.npmjs.org/easy-stack 100ms (cache revalidated)
npm http fetch GET 200 https://registry.npmjs.org/yocto-queue 88ms (cache revalidated)
npm http fetch GET 200 https://registry.npmjs.org/clean-stack 153ms (cache revalidated)
npm http fetch GET 200 https://registry.npmjs.org/indent-string 160ms (cache revalidated)
npm http fetch GET 200 https://registry.npmjs.org/js-tokens 89ms (cache revalidated)
npm http fetch GET 200 https://registry.npmjs.org/pause-stream 83ms (cache revalidated)
npm http fetch GET 200 https://registry.npmjs.org/duplexer 88ms (cache revalidated)
npm http fetch GET 200 https://registry.npmjs.org/map-stream 96ms (cache revalidated)
npm http fetch GET 200 https://registry.npmjs.org/from 123ms (cache revalidated)
npm http fetch GET 200 https://registry.npmjs.org/stream-combiner 153ms (cache revalidated)
npm http fetch GET 200 https://registry.npmjs.org/split 171ms (cache revalidated)
npm http fetch GET 200 https://registry.npmjs.org/object-inspect 92ms (cache revalidated)
npm http fetch GET 200 https://registry.npmjs.org/call-bind 100ms (cache revalidated)
npm http fetch GET 200 https://registry.npmjs.org/es-errors 104ms (cache revalidated)
npm http fetch GET 200 https://registry.npmjs.org/get-intrinsic 107ms (cache revalidated)
npm http fetch GET 200 https://registry.npmjs.org/har-schema 99ms (cache revalidated)
npm http fetch GET 200 https://registry.npmjs.org/json-schema-traverse 84ms (cache revalidated)
npm http fetch GET 200 https://registry.npmjs.org/fast-json-stable-stringify 89ms (cache revalidated)
npm http fetch GET 200 https://registry.npmjs.org/fast-deep-equal 92ms (cache revalidated)
npm http fetch GET 200 https://registry.npmjs.org/uri-js 97ms (cache revalidated)
npm http fetch GET 200 https://registry.npmjs.org/has-symbols 103ms (cache revalidated)
npm http fetch GET 200 https://registry.npmjs.org/hasown 108ms (cache revalidated)
npm http fetch GET 200 https://registry.npmjs.org/set-function-length 111ms (cache revalidated)
npm http fetch GET 200 https://registry.npmjs.org/has-proto 118ms (cache revalidated)
npm http fetch GET 200 https://registry.npmjs.org/es-define-property 122ms (cache revalidated)
npm http fetch GET 200 https://registry.npmjs.org/function-bind 121ms (cache revalidated)
npm http fetch GET 200 https://registry.npmjs.org/gopd 83ms (cache revalidated)
npm http fetch GET 200 https://registry.npmjs.org/define-data-property 92ms (cache revalidated)
npm http fetch GET 200 https://registry.npmjs.org/has-property-descriptors 92ms (cache revalidated)
npm http fetch GET 200 https://registry.npmjs.org/requires-port 90ms (cache revalidated)
npm http fetch GET 200 https://registry.npmjs.org/querystringify 109ms (cache revalidated)
npm http fetch GET 200 https://registry.npmjs.org/widest-line 106ms (cache revalidated)
npm http fetch GET 200 https://registry.npmjs.org/escape-goat 104ms (cache revalidated)
npm http fetch GET 200 https://registry.npmjs.org/dot-prop 108ms (cache revalidated)
npm http fetch GET 200 https://registry.npmjs.org/cli-boxes 112ms (cache revalidated)
npm http fetch GET 200 https://registry.npmjs.org/unique-string 115ms (cache revalidated)
npm http fetch GET 200 https://registry.npmjs.org/ansi-align 118ms (cache revalidated)
npm http fetch GET 200 https://registry.npmjs.org/package-json 116ms (cache revalidated)
npm http fetch GET 200 https://registry.npmjs.org/write-file-atomic 117ms (cache revalidated)
npm http fetch GET 200 https://registry.npmjs.org/eastasianwidth 91ms (cache revalidated)
npm http fetch GET 200 https://registry.npmjs.org/imurmurhash 90ms (cache revalidated)
npm http fetch GET 200 https://registry.npmjs.org/is-obj 106ms (cache revalidated)
npm http fetch GET 200 https://registry.npmjs.org/typedarray-to-buffer 105ms (cache revalidated)
npm http fetch GET 200 https://registry.npmjs.org/crypto-random-string 158ms (cache revalidated)
npm http fetch GET 200 https://registry.npmjs.org/registry-url 89ms (cache revalidated)
npm http fetch GET 200 https://registry.npmjs.org/got 93ms (cache revalidated)
npm http fetch GET 200 https://registry.npmjs.org/registry-auth-token 107ms (cache revalidated)
npm http fetch GET 200 https://registry.npmjs.org/lowercase-keys 104ms (cache revalidated)
npm http fetch GET 200 https://registry.npmjs.org/responselike 113ms (cache revalidated)
npm http fetch GET 200 https://registry.npmjs.org/cacheable-lookup 119ms (cache revalidated)
npm http fetch GET 200 https://registry.npmjs.org/p-cancelable 124ms (cache revalidated)
npm http fetch GET 200 https://registry.npmjs.org/decompress-response 121ms (cache revalidated)
npm http fetch GET 200 https://registry.npmjs.org/http2-wrapper 128ms (cache revalidated)
npm http fetch GET 200 https://registry.npmjs.org/rc 130ms (cache revalidated)
npm http fetch GET 200 https://registry.npmjs.org/cacheable-request 137ms (cache revalidated)
npm http fetch GET 200 https://registry.npmjs.org/@sindresorhus%2fis 330ms (cache revalidated)
npm http fetch GET 200 https://registry.npmjs.org/form-data-encoder 689ms (cache revalidated)
npm http fetch GET 200 https://registry.npmjs.org/@szmarczak%2fhttp-timer 881ms (cache revalidated)
npm http fetch GET 200 https://registry.npmjs.org/@pnpm%2fnpm-conf 977ms (cache revalidated)
npm http fetch GET 200 https://registry.npmjs.org/resolve-alpn 117ms (cache revalidated)
npm http fetch GET 200 https://registry.npmjs.org/http-cache-semantics 124ms (cache revalidated)
npm http fetch GET 200 https://registry.npmjs.org/normalize-url 128ms (cache revalidated)
npm http fetch GET 200 https://registry.npmjs.org/defer-to-connect 139ms (cache revalidated)
npm http fetch GET 200 https://registry.npmjs.org/mimic-response 142ms (cache revalidated)
npm http fetch GET 200 https://registry.npmjs.org/mimic-response 146ms (cache revalidated)
npm http fetch GET 200 https://registry.npmjs.org/@types%2fhttp-cache-semantics 154ms (cache revalidated)
npm http fetch GET 200 https://registry.npmjs.org/keyv 170ms (cache revalidated)
npm http fetch GET 200 https://registry.npmjs.org/quick-lru 176ms (cache revalidated)
npm http fetch GET 200 https://registry.npmjs.org/json-buffer 97ms (cache revalidated)
npm http fetch GET 200 https://registry.npmjs.org/config-chain 88ms (cache revalidated)
npm http fetch GET 200 https://registry.npmjs.org/@pnpm%2fconfig.env-replace 876ms (cache revalidated)
npm http fetch GET 200 https://registry.npmjs.org/@pnpm%2fnetwork.ca-file 969ms (cache revalidated)
npm http fetch GET 200 https://registry.npmjs.org/proto-list 85ms (cache revalidated)
npm http fetch GET 200 https://registry.npmjs.org/deep-extend 81ms (cache revalidated)
npm http fetch GET 200 https://registry.npmjs.org/pend 129ms (cache revalidated)
npm http fetch GET 200 https://registry.npmjs.org/crc32-stream 84ms (cache revalidated)
npm http fetch GET 200 https://registry.npmjs.org/crc-32 137ms (cache revalidated)
npm http fetch GET 200 https://registry.npmjs.org/buffer-alloc-unsafe 83ms (cache revalidated)
npm http fetch GET 200 https://registry.npmjs.org/buffer-fill 85ms (cache revalidated)
npm http fetch GET 200 https://registry.npmjs.org/p-try 84ms (cache revalidated)
npm verb reify failed optional dependency C:\Users\alexa\Downloads\Aula-Web\web-TrabalhoFinal\tmpBstackPackages\node_modules\fsevents
npm http fetch POST 200 https://registry.npmjs.org/-/npm/v1/security/advisories/bulk 954ms
npm WARN deprecated inflight@1.0.6: This module is not supported, and leaks memory. Do not use it. Check out lru-cache if you want a good and tested way to coalesce async requests by a key value, which is much more comprehensive and powerful.
npm WARN deprecated rimraf@2.5.4: Rimraf versions prior to v4 are no longer supported
npm WARN deprecated har-validator@5.1.5: this library is no longer supported
npm WARN deprecated glob@7.2.3: Glob versions prior to v9 are no longer supported
npm WARN deprecated glob@8.1.0: Glob versions prior to v9 are no longer supported
npm WARN deprecated uuid@3.4.0: Please upgrade  to version 7 or higher.  Older versions may use Math.random() in certain circumstances, which is known to be problematic.  See https://v8.dev/blog/math-random for details.
npm WARN deprecated request@2.88.2: request has been deprecated, see https://github.com/request/request/issues/3142
npm info run cypress@13.13.2 postinstall node_modules/cypress node index.js --exec install
npm info run cypress@13.13.2 postinstall { code: 0, signal: null }

added 501 packages, and audited 502 packages in 58s

96 packages are looking for funding
  run `npm fund` for details

3 moderate severity vulnerabilities

To address all issues (including breaking changes), run:
  npm audit fix --force

Run `npm audit` for details.
npm verb exit 0
npm info ok 
